build/app/intermediates/manifest_merge_blame_file/release/manifest-merger-blame-release-report.txt
1<?xml version="1.0" encoding="utf-8"?>
2<manifest xmlns:android="http://schemas.android.com/apk/res/android"
3    package="com.kreeda.covid19app"
4    android:versionCode="3"
5    android:versionName="2.0.0" >
6
7    <uses-sdk
8        android:minSdkVersion="16"
8-->src/main/AndroidManifest.xml
9        android:targetSdkVersion="28" />
9-->src/main/AndroidManifest.xml
10    <!--
11     io.flutter.app.FlutterApplication is an android.app.Application that
12         calls FlutterMain.startInitialization(this); in its onCreate method.
13         In most cases you can leave this as-is, but you if you want to provide
14         additional functionality it is fine to subclass or reimplement
15         FlutterApplication and put your custom class here.
16    -->
17    <application
17-->src/main/AndroidManifest.xml:8:5-30:19
18        android:name="io.flutter.app.FlutterApplication"
18-->src/main/AndroidManifest.xml:9:9-57
19        android:appComponentFactory="androidx.core.app.CoreComponentFactory"
19-->[androidx.core:core:1.0.0] AndroidManifest.xml:22:18-86
20        android:icon="@mipmap/logo"
20-->src/main/AndroidManifest.xml:11:9-36
21        android:label="COVID19 - Statistics" >
21-->src/main/AndroidManifest.xml:10:9-45
22        <meta-data
22-->src/main/AndroidManifest.xml:12:9-103
23            android:name="com.google.android.geo.API_KEY"
23-->src/main/AndroidManifest.xml:12:20-65
24            android:value="@string/map_api_key" />
24-->src/main/AndroidManifest.xml:12:66-101
25
26        <activity
26-->src/main/AndroidManifest.xml:13:9-24:20
27            android:name="com.kreeda.covidapp.MainActivity"
27-->src/main/AndroidManifest.xml:14:13-41
28            android:configChanges="orientation|keyboardHidden|keyboard|screenSize|smallestScreenSize|locale|layoutDirection|fontScale|screenLayout|density|uiMode"
28-->src/main/AndroidManifest.xml:17:13-163
29            android:hardwareAccelerated="true"
29-->src/main/AndroidManifest.xml:18:13-47
30            android:launchMode="singleTop"
30-->src/main/AndroidManifest.xml:15:13-43
31            android:theme="@style/LaunchTheme"
31-->src/main/AndroidManifest.xml:16:13-47
32            android:windowSoftInputMode="adjustResize" >
32-->src/main/AndroidManifest.xml:19:13-55
33            <intent-filter>
33-->src/main/AndroidManifest.xml:20:13-23:29
34                <action android:name="android.intent.action.MAIN" />
34-->src/main/AndroidManifest.xml:21:17-68
34-->src/main/AndroidManifest.xml:21:25-66
35
36                <category android:name="android.intent.category.LAUNCHER" />
36-->src/main/AndroidManifest.xml:22:17-76
36-->src/main/AndroidManifest.xml:22:27-74
37            </intent-filter>
38        </activity>
39        <!--
40             Don't delete the meta-data below.
41             This is used by the Flutter tool to generate GeneratedPluginRegistrant.java
42        -->
43        <meta-data
43-->src/main/AndroidManifest.xml:27:9-29:33
44            android:name="flutterEmbedding"
44-->src/main/AndroidManifest.xml:28:13-44
45            android:value="2" />
45-->src/main/AndroidManifest.xml:29:13-30
46
47        <activity
47-->[:url_launcher] AndroidManifest.xml:8:9-11:74
48            android:name="io.flutter.plugins.urllauncher.WebViewActivity"
48-->[:url_launcher] AndroidManifest.xml:9:13-74
49            android:exported="false"
49-->[:url_launcher] AndroidManifest.xml:10:13-37
50            android:theme="@android:style/Theme.NoTitleBar.Fullscreen" />
50-->[:url_launcher] AndroidManifest.xml:11:13-71
51    </application>
52
53</manifest>